1729289421.794021 client started (20996): version 3.4, socket /tmp/tmux-1000/default, protocol 8
1729289421.794061 on Linux 6.11.0-8-generic #8-Ubuntu SMP PREEMPT_DYNAMIC Mon Sep 16 13:41:20 UTC 2024
1729289421.794066 using libevent 2.1.12-stable poll
1729289421.794070 using ncurses 6.5 20240427
1729289421.794092 flags are 0x18000000
1729289421.794110 socket is /tmp/tmux-1000/default
1729289421.794126 trying connect
1729289421.794148 connect failed: No such file or directory
1729289421.794159 lock file is /tmp/tmux-1000/default.lock
1729289421.794180 flock succeeded
1729289421.794183 got lock (6)
1729289421.794190 trying connect
1729289421.794201 connect failed: No such file or directory
1729289421.794527 add peer 0x57762dd60bc0: 7 ((nil))
1729289421.795119 sending message 100 to peer 0x57762dd60bc0 (4 bytes)
1729289421.795137 sending message 111 to peer 0x57762dd60bc0 (8 bytes)
1729289421.795142 sending message 101 to peer 0x57762dd60bc0 (12 bytes)
1729289421.795146 sending message 109 to peer 0x57762dd60bc0 (4 bytes)
1729289421.795149 sending message 102 to peer 0x57762dd60bc0 (11 bytes)
1729289421.795154 sending message 108 to peer 0x57762dd60bc0 (31 bytes)
1729289421.795157 sending message 112 to peer 0x57762dd60bc0 (70 bytes)
1729289421.795162 sending message 112 to peer 0x57762dd60bc0 (5 bytes)
1729289421.795165 sending message 112 to peer 0x57762dd60bc0 (6 bytes)
1729289421.795169 sending message 112 to peer 0x57762dd60bc0 (6 bytes)
1729289421.795173 sending message 112 to peer 0x57762dd60bc0 (10 bytes)
1729289421.795177 sending message 112 to peer 0x57762dd60bc0 (13 bytes)
1729289421.795180 sending message 112 to peer 0x57762dd60bc0 (14 bytes)
1729289421.795185 sending message 112 to peer 0x57762dd60bc0 (19 bytes)
1729289421.795188 sending message 112 to peer 0x57762dd60bc0 (11 bytes)
1729289421.795191 sending message 112 to peer 0x57762dd60bc0 (10 bytes)
1729289421.795195 sending message 112 to peer 0x57762dd60bc0 (15 bytes)
1729289421.795198 sending message 112 to peer 0x57762dd60bc0 (21 bytes)
1729289421.795202 sending message 112 to peer 0x57762dd60bc0 (13 bytes)
1729289421.795206 sending message 112 to peer 0x57762dd60bc0 (7 bytes)
1729289421.795209 sending message 112 to peer 0x57762dd60bc0 (13 bytes)
1729289421.795212 sending message 112 to peer 0x57762dd60bc0 (7 bytes)
1729289421.795215 sending message 112 to peer 0x57762dd60bc0 (13 bytes)
1729289421.795219 sending message 112 to peer 0x57762dd60bc0 (9 bytes)
1729289421.795222 sending message 112 to peer 0x57762dd60bc0 (21 bytes)
1729289421.795226 sending message 112 to peer 0x57762dd60bc0 (13 bytes)
1729289421.795230 sending message 112 to peer 0x57762dd60bc0 (9 bytes)
1729289421.795233 sending message 112 to peer 0x57762dd60bc0 (16 bytes)
1729289421.795237 sending message 112 to peer 0x57762dd60bc0 (13 bytes)
1729289421.795240 sending message 112 to peer 0x57762dd60bc0 (9 bytes)
1729289421.795243 sending message 112 to peer 0x57762dd60bc0 (9 bytes)
1729289421.795246 sending message 112 to peer 0x57762dd60bc0 (12 bytes)
1729289421.795250 sending message 112 to peer 0x57762dd60bc0 (8 bytes)
1729289421.795254 sending message 112 to peer 0x57762dd60bc0 (13 bytes)
1729289421.795257 sending message 112 to peer 0x57762dd60bc0 (7 bytes)
1729289421.795260 sending message 112 to peer 0x57762dd60bc0 (7 bytes)
1729289421.795264 sending message 112 to peer 0x57762dd60bc0 (9 bytes)
1729289421.795267 sending message 112 to peer 0x57762dd60bc0 (6 bytes)
1729289421.795271 sending message 112 to peer 0x57762dd60bc0 (9 bytes)
1729289421.795275 sending message 112 to peer 0x57762dd60bc0 (15 bytes)
1729289421.795278 sending message 112 to peer 0x57762dd60bc0 (13 bytes)
1729289421.795282 sending message 112 to peer 0x57762dd60bc0 (12 bytes)
1729289421.795286 sending message 112 to peer 0x57762dd60bc0 (8 bytes)
1729289421.795290 sending message 112 to peer 0x57762dd60bc0 (14 bytes)
1729289421.795294 sending message 112 to peer 0x57762dd60bc0 (9 bytes)
1729289421.795298 sending message 112 to peer 0x57762dd60bc0 (10 bytes)
1729289421.795301 sending message 112 to peer 0x57762dd60bc0 (10 bytes)
1729289421.795315 sending message 112 to peer 0x57762dd60bc0 (10 bytes)
1729289421.795318 sending message 112 to peer 0x57762dd60bc0 (10 bytes)
1729289421.795322 sending message 112 to peer 0x57762dd60bc0 (11 bytes)
1729289421.795326 sending message 112 to peer 0x57762dd60bc0 (12 bytes)
1729289421.795329 sending message 112 to peer 0x57762dd60bc0 (12 bytes)
1729289421.795332 sending message 112 to peer 0x57762dd60bc0 (12 bytes)
1729289421.795336 sending message 112 to peer 0x57762dd60bc0 (12 bytes)
1729289421.795339 sending message 112 to peer 0x57762dd60bc0 (12 bytes)
1729289421.795343 sending message 112 to peer 0x57762dd60bc0 (11 bytes)
1729289421.795346 sending message 112 to peer 0x57762dd60bc0 (11 bytes)
1729289421.795350 sending message 112 to peer 0x57762dd60bc0 (12 bytes)
1729289421.795353 sending message 112 to peer 0x57762dd60bc0 (12 bytes)
1729289421.795356 sending message 112 to peer 0x57762dd60bc0 (12 bytes)
1729289421.795360 sending message 112 to peer 0x57762dd60bc0 (12 bytes)
1729289421.795363 sending message 112 to peer 0x57762dd60bc0 (12 bytes)
1729289421.795367 sending message 112 to peer 0x57762dd60bc0 (9 bytes)
1729289421.795370 sending message 112 to peer 0x57762dd60bc0 (12 bytes)
1729289421.795374 sending message 112 to peer 0x57762dd60bc0 (13 bytes)
1729289421.795378 sending message 112 to peer 0x57762dd60bc0 (13 bytes)
1729289421.795381 sending message 112 to peer 0x57762dd60bc0 (13 bytes)
1729289421.795385 sending message 112 to peer 0x57762dd60bc0 (13 bytes)
1729289421.795388 sending message 112 to peer 0x57762dd60bc0 (13 bytes)
1729289421.795392 sending message 112 to peer 0x57762dd60bc0 (8 bytes)
1729289421.795395 sending message 112 to peer 0x57762dd60bc0 (11 bytes)
1729289421.795399 sending message 112 to peer 0x57762dd60bc0 (11 bytes)
1729289421.795403 sending message 112 to peer 0x57762dd60bc0 (11 bytes)
1729289421.795406 sending message 112 to peer 0x57762dd60bc0 (12 bytes)
1729289421.795410 sending message 112 to peer 0x57762dd60bc0 (12 bytes)
1729289421.795413 sending message 112 to peer 0x57762dd60bc0 (13 bytes)
1729289421.795417 sending message 112 to peer 0x57762dd60bc0 (12 bytes)
1729289421.795420 sending message 112 to peer 0x57762dd60bc0 (13 bytes)
1729289421.795423 sending message 112 to peer 0x57762dd60bc0 (13 bytes)
1729289421.795427 sending message 112 to peer 0x57762dd60bc0 (13 bytes)
1729289421.795431 sending message 112 to peer 0x57762dd60bc0 (8 bytes)
1729289421.795434 sending message 112 to peer 0x57762dd60bc0 (13 bytes)
1729289421.795438 sending message 112 to peer 0x57762dd60bc0 (13 bytes)
1729289421.795441 sending message 112 to peer 0x57762dd60bc0 (13 bytes)
1729289421.795444 sending message 112 to peer 0x57762dd60bc0 (13 bytes)
1729289421.795448 sending message 112 to peer 0x57762dd60bc0 (13 bytes)
1729289421.795451 sending message 112 to peer 0x57762dd60bc0 (12 bytes)
1729289421.795455 sending message 112 to peer 0x57762dd60bc0 (12 bytes)
1729289421.795458 sending message 112 to peer 0x57762dd60bc0 (13 bytes)
1729289421.795462 sending message 112 to peer 0x57762dd60bc0 (12 bytes)
1729289421.795465 sending message 112 to peer 0x57762dd60bc0 (13 bytes)
1729289421.795469 sending message 112 to peer 0x57762dd60bc0 (8 bytes)
1729289421.795472 sending message 112 to peer 0x57762dd60bc0 (13 bytes)
1729289421.795475 sending message 112 to peer 0x57762dd60bc0 (13 bytes)
1729289421.795479 sending message 112 to peer 0x57762dd60bc0 (13 bytes)
1729289421.795482 sending message 112 to peer 0x57762dd60bc0 (13 bytes)
1729289421.795486 sending message 112 to peer 0x57762dd60bc0 (13 bytes)
1729289421.795489 sending message 112 to peer 0x57762dd60bc0 (13 bytes)
1729289421.795494 sending message 112 to peer 0x57762dd60bc0 (13 bytes)
1729289421.795497 sending message 112 to peer 0x57762dd60bc0 (12 bytes)
1729289421.795500 sending message 112 to peer 0x57762dd60bc0 (12 bytes)
1729289421.795503 sending message 112 to peer 0x57762dd60bc0 (13 bytes)
1729289421.795506 sending message 112 to peer 0x57762dd60bc0 (8 bytes)
1729289421.795509 sending message 112 to peer 0x57762dd60bc0 (12 bytes)
1729289421.795516 sending message 112 to peer 0x57762dd60bc0 (13 bytes)
1729289421.795519 sending message 112 to peer 0x57762dd60bc0 (13 bytes)
1729289421.795522 sending message 112 to peer 0x57762dd60bc0 (13 bytes)
1729289421.795525 sending message 112 to peer 0x57762dd60bc0 (13 bytes)
1729289421.795528 sending message 112 to peer 0x57762dd60bc0 (13 bytes)
1729289421.795535 sending message 112 to peer 0x57762dd60bc0 (13 bytes)
1729289421.795538 sending message 112 to peer 0x57762dd60bc0 (13 bytes)
1729289421.795540 sending message 112 to peer 0x57762dd60bc0 (13 bytes)
1729289421.795543 sending message 112 to peer 0x57762dd60bc0 (12 bytes)
1729289421.795546 sending message 112 to peer 0x57762dd60bc0 (10 bytes)
1729289421.795548 sending message 112 to peer 0x57762dd60bc0 (12 bytes)
1729289421.795551 sending message 112 to peer 0x57762dd60bc0 (13 bytes)
1729289421.795554 sending message 112 to peer 0x57762dd60bc0 (12 bytes)
1729289421.795557 sending message 112 to peer 0x57762dd60bc0 (13 bytes)
1729289421.795560 sending message 112 to peer 0x57762dd60bc0 (13 bytes)
1729289421.795562 sending message 112 to peer 0x57762dd60bc0 (13 bytes)
1729289421.795565 sending message 112 to peer 0x57762dd60bc0 (13 bytes)
1729289421.795567 sending message 112 to peer 0x57762dd60bc0 (13 bytes)
1729289421.795570 sending message 112 to peer 0x57762dd60bc0 (13 bytes)
1729289421.795573 sending message 112 to peer 0x57762dd60bc0 (13 bytes)
1729289421.795576 sending message 112 to peer 0x57762dd60bc0 (10 bytes)
1729289421.795578 sending message 112 to peer 0x57762dd60bc0 (13 bytes)
1729289421.795581 sending message 112 to peer 0x57762dd60bc0 (12 bytes)
1729289421.795584 sending message 112 to peer 0x57762dd60bc0 (12 bytes)
1729289421.795587 sending message 112 to peer 0x57762dd60bc0 (13 bytes)
1729289421.795590 sending message 112 to peer 0x57762dd60bc0 (10 bytes)
1729289421.795593 sending message 112 to peer 0x57762dd60bc0 (10 bytes)
1729289421.795596 sending message 112 to peer 0x57762dd60bc0 (10 bytes)
1729289421.795599 sending message 112 to peer 0x57762dd60bc0 (12 bytes)
1729289421.795602 sending message 112 to peer 0x57762dd60bc0 (13 bytes)
1729289421.795605 sending message 112 to peer 0x57762dd60bc0 (13 bytes)
1729289421.795608 sending message 112 to peer 0x57762dd60bc0 (13 bytes)
1729289421.795611 sending message 112 to peer 0x57762dd60bc0 (13 bytes)
1729289421.795613 sending message 112 to peer 0x57762dd60bc0 (13 bytes)
1729289421.795616 sending message 112 to peer 0x57762dd60bc0 (10 bytes)
1729289421.795619 sending message 112 to peer 0x57762dd60bc0 (11 bytes)
1729289421.795621 sending message 112 to peer 0x57762dd60bc0 (12 bytes)
1729289421.795623 sending message 112 to peer 0x57762dd60bc0 (12 bytes)
1729289421.795626 sending message 112 to peer 0x57762dd60bc0 (12 bytes)
1729289421.795628 sending message 112 to peer 0x57762dd60bc0 (12 bytes)
1729289421.795631 sending message 112 to peer 0x57762dd60bc0 (12 bytes)
1729289421.795634 sending message 112 to peer 0x57762dd60bc0 (11 bytes)
1729289421.795637 sending message 112 to peer 0x57762dd60bc0 (12 bytes)
1729289421.795640 sending message 112 to peer 0x57762dd60bc0 (12 bytes)
1729289421.795643 sending message 112 to peer 0x57762dd60bc0 (13 bytes)
1729289421.795646 sending message 112 to peer 0x57762dd60bc0 (13 bytes)
1729289421.795649 sending message 112 to peer 0x57762dd60bc0 (13 bytes)
1729289421.795651 sending message 112 to peer 0x57762dd60bc0 (13 bytes)
1729289421.795654 sending message 112 to peer 0x57762dd60bc0 (13 bytes)
1729289421.795657 sending message 112 to peer 0x57762dd60bc0 (10 bytes)
1729289421.795660 sending message 112 to peer 0x57762dd60bc0 (9 bytes)
1729289421.795663 sending message 112 to peer 0x57762dd60bc0 (12 bytes)
1729289421.795666 sending message 112 to peer 0x57762dd60bc0 (13 bytes)
1729289421.795668 sending message 112 to peer 0x57762dd60bc0 (13 bytes)
1729289421.795672 sending message 112 to peer 0x57762dd60bc0 (13 bytes)
1729289421.795675 sending message 112 to peer 0x57762dd60bc0 (13 bytes)
1729289421.795678 sending message 112 to peer 0x57762dd60bc0 (13 bytes)
1729289421.795691 sending message 112 to peer 0x57762dd60bc0 (9 bytes)
1729289421.795694 sending message 112 to peer 0x57762dd60bc0 (12 bytes)
1729289421.795697 sending message 112 to peer 0x57762dd60bc0 (13 bytes)
1729289421.795700 sending message 112 to peer 0x57762dd60bc0 (13 bytes)
1729289421.795702 sending message 112 to peer 0x57762dd60bc0 (13 bytes)
1729289421.795705 sending message 112 to peer 0x57762dd60bc0 (13 bytes)
1729289421.795708 sending message 112 to peer 0x57762dd60bc0 (13 bytes)
1729289421.795711 sending message 112 to peer 0x57762dd60bc0 (11 bytes)
1729289421.795714 sending message 112 to peer 0x57762dd60bc0 (12 bytes)
1729289421.795717 sending message 112 to peer 0x57762dd60bc0 (13 bytes)
1729289421.795720 sending message 112 to peer 0x57762dd60bc0 (13 bytes)
1729289421.795723 sending message 112 to peer 0x57762dd60bc0 (13 bytes)
1729289421.795726 sending message 112 to peer 0x57762dd60bc0 (13 bytes)
1729289421.795730 sending message 112 to peer 0x57762dd60bc0 (13 bytes)
1729289421.795733 sending message 112 to peer 0x57762dd60bc0 (11 bytes)
1729289421.795736 sending message 112 to peer 0x57762dd60bc0 (12 bytes)
1729289421.795739 sending message 112 to peer 0x57762dd60bc0 (12 bytes)
1729289421.795742 sending message 112 to peer 0x57762dd60bc0 (12 bytes)
1729289421.795745 sending message 112 to peer 0x57762dd60bc0 (12 bytes)
1729289421.795757 sending message 112 to peer 0x57762dd60bc0 (12 bytes)
1729289421.795764 sending message 112 to peer 0x57762dd60bc0 (22 bytes)
1729289421.795767 sending message 112 to peer 0x57762dd60bc0 (12 bytes)
1729289421.795771 sending message 112 to peer 0x57762dd60bc0 (9 bytes)
1729289421.795775 sending message 112 to peer 0x57762dd60bc0 (6 bytes)
1729289421.795778 sending message 112 to peer 0x57762dd60bc0 (13 bytes)
1729289421.795781 sending message 112 to peer 0x57762dd60bc0 (10 bytes)
1729289421.795785 sending message 112 to peer 0x57762dd60bc0 (15 bytes)
1729289421.795788 sending message 112 to peer 0x57762dd60bc0 (11 bytes)
1729289421.795791 sending message 112 to peer 0x57762dd60bc0 (9 bytes)
1729289421.795794 sending message 112 to peer 0x57762dd60bc0 (70 bytes)
1729289421.795797 sending message 112 to peer 0x57762dd60bc0 (69 bytes)
1729289421.795801 sending message 112 to peer 0x57762dd60bc0 (34 bytes)
1729289421.795804 sending message 112 to peer 0x57762dd60bc0 (34 bytes)
1729289421.795808 sending message 112 to peer 0x57762dd60bc0 (69 bytes)
1729289421.795811 sending message 112 to peer 0x57762dd60bc0 (12 bytes)
1729289421.795814 sending message 112 to peer 0x57762dd60bc0 (10 bytes)
1729289421.795817 sending message 112 to peer 0x57762dd60bc0 (10 bytes)
1729289421.795821 sending message 112 to peer 0x57762dd60bc0 (15 bytes)
1729289421.795825 sending message 112 to peer 0x57762dd60bc0 (11 bytes)
1729289421.795833 sending message 112 to peer 0x57762dd60bc0 (10 bytes)
1729289421.795836 sending message 112 to peer 0x57762dd60bc0 (10 bytes)
1729289421.795839 sending message 112 to peer 0x57762dd60bc0 (17 bytes)
1729289421.795843 sending message 112 to peer 0x57762dd60bc0 (10 bytes)
1729289421.795846 sending message 112 to peer 0x57762dd60bc0 (13 bytes)
1729289421.795849 sending message 112 to peer 0x57762dd60bc0 (17 bytes)
1729289421.795852 sending message 112 to peer 0x57762dd60bc0 (5 bytes)
1729289421.795855 sending message 112 to peer 0x57762dd60bc0 (9 bytes)
1729289421.795858 sending message 112 to peer 0x57762dd60bc0 (15 bytes)
1729289421.795862 sending message 104 to peer 0x57762dd60bc0 (0 bytes)
1729289421.795866 sending message 110 to peer 0x57762dd60bc0 (0 bytes)
1729289421.795869 sending message 107 to peer 0x57762dd60bc0 (4 bytes)
1729289421.795873 sending message 105 to peer 0x57762dd60bc0 (18 bytes)
1729289421.795876 sending message 105 to peer 0x57762dd60bc0 (14 bytes)
1729289421.795879 sending message 105 to peer 0x57762dd60bc0 (17 bytes)
1729289421.795883 sending message 105 to peer 0x57762dd60bc0 (22 bytes)
1729289421.795886 sending message 105 to peer 0x57762dd60bc0 (91 bytes)
1729289421.795890 sending message 105 to peer 0x57762dd60bc0 (15 bytes)
1729289421.795896 sending message 105 to peer 0x57762dd60bc0 (25 bytes)
1729289421.795899 sending message 105 to peer 0x57762dd60bc0 (33 bytes)
1729289421.795903 sending message 105 to peer 0x57762dd60bc0 (8 bytes)
1729289421.795906 sending message 105 to peer 0x57762dd60bc0 (23 bytes)
1729289421.795909 sending message 105 to peer 0x57762dd60bc0 (33 bytes)
1729289421.795912 sending message 105 to peer 0x57762dd60bc0 (21 bytes)
1729289421.795915 sending message 105 to peer 0x57762dd60bc0 (25 bytes)
1729289421.795919 sending message 105 to peer 0x57762dd60bc0 (52 bytes)
1729289421.795922 sending message 105 to peer 0x57762dd60bc0 (18 bytes)
1729289421.795925 sending message 105 to peer 0x57762dd60bc0 (54 bytes)
1729289421.795928 sending message 105 to peer 0x57762dd60bc0 (38 bytes)
1729289421.795932 sending message 105 to peer 0x57762dd60bc0 (27 bytes)
1729289421.795935 sending message 105 to peer 0x57762dd60bc0 (26 bytes)
1729289421.795937 sending message 105 to peer 0x57762dd60bc0 (20 bytes)
1729289421.795941 sending message 105 to peer 0x57762dd60bc0 (16 bytes)
1729289421.795944 sending message 105 to peer 0x57762dd60bc0 (30 bytes)
1729289421.795947 sending message 105 to peer 0x57762dd60bc0 (23 bytes)
1729289421.795950 sending message 105 to peer 0x57762dd60bc0 (17 bytes)
1729289421.795953 sending message 105 to peer 0x57762dd60bc0 (24 bytes)
1729289421.795957 sending message 105 to peer 0x57762dd60bc0 (133 bytes)
1729289421.795960 sending message 105 to peer 0x57762dd60bc0 (17 bytes)
1729289421.795963 sending message 105 to peer 0x57762dd60bc0 (31 bytes)
1729289421.795966 sending message 105 to peer 0x57762dd60bc0 (58 bytes)
1729289421.795969 sending message 105 to peer 0x57762dd60bc0 (24 bytes)
1729289421.795973 sending message 105 to peer 0x57762dd60bc0 (11 bytes)
1729289421.795975 sending message 105 to peer 0x57762dd60bc0 (11 bytes)
1729289421.795978 sending message 105 to peer 0x57762dd60bc0 (19 bytes)
1729289421.795981 sending message 105 to peer 0x57762dd60bc0 (29 bytes)
1729289421.795984 sending message 105 to peer 0x57762dd60bc0 (29 bytes)
1729289421.795988 sending message 105 to peer 0x57762dd60bc0 (25 bytes)
1729289421.795992 sending message 105 to peer 0x57762dd60bc0 (14 bytes)
1729289421.795995 sending message 105 to peer 0x57762dd60bc0 (19 bytes)
1729289421.795998 sending message 105 to peer 0x57762dd60bc0 (30 bytes)
1729289421.796001 sending message 105 to peer 0x57762dd60bc0 (21 bytes)
1729289421.796005 sending message 105 to peer 0x57762dd60bc0 (24 bytes)
1729289421.796008 sending message 105 to peer 0x57762dd60bc0 (11 bytes)
1729289421.796011 sending message 105 to peer 0x57762dd60bc0 (34 bytes)
1729289421.796014 sending message 105 to peer 0x57762dd60bc0 (35 bytes)
1729289421.796017 sending message 105 to peer 0x57762dd60bc0 (28 bytes)
1729289421.796020 sending message 105 to peer 0x57762dd60bc0 (20 bytes)
1729289421.796024 sending message 105 to peer 0x57762dd60bc0 (17 bytes)
1729289421.796027 sending message 105 to peer 0x57762dd60bc0 (19 bytes)
1729289421.796030 sending message 105 to peer 0x57762dd60bc0 (15 bytes)
1729289421.796033 sending message 105 to peer 0x57762dd60bc0 (18 bytes)
1729289421.796036 sending message 105 to peer 0x57762dd60bc0 (17 bytes)
1729289421.796039 sending message 105 to peer 0x57762dd60bc0 (20 bytes)
1729289421.796042 sending message 105 to peer 0x57762dd60bc0 (16 bytes)
1729289421.796046 sending message 105 to peer 0x57762dd60bc0 (60 bytes)
1729289421.796049 sending message 105 to peer 0x57762dd60bc0 (33 bytes)
1729289421.796053 sending message 105 to peer 0x57762dd60bc0 (38 bytes)
1729289421.796056 sending message 105 to peer 0x57762dd60bc0 (33 bytes)
1729289421.796059 sending message 105 to peer 0x57762dd60bc0 (11 bytes)
1729289421.796062 sending message 105 to peer 0x57762dd60bc0 (8 bytes)
1729289421.796066 sending message 105 to peer 0x57762dd60bc0 (32 bytes)
1729289421.796069 sending message 105 to peer 0x57762dd60bc0 (1817 bytes)
1729289421.796090 sending message 106 to peer 0x57762dd60bc0 (0 bytes)
1729289421.796141 sending message 200 to peer 0x57762dd60bc0 (4 bytes)
1729289421.796147 client loop enter
1729289421.796164 client_signal: Child exited
1729289421.824151 peer 0x57762dd60bc0 message 207
1729289421.824160 sending message 208 to peer 0x57762dd60bc0 (0 bytes)
1729289426.566437 peer 0x57762dd60bc0 message 203
1729289426.566460 sending message 205 to peer 0x57762dd60bc0 (0 bytes)
1729289426.567867 peer 0x57762dd60bc0 message 204
1729289426.567893 client loop exit
